2022-04-15 19:00:47,358:INFO:PyCaret Supervised Module
2022-04-15 19:00:47,358:INFO:ML Usecase: regression
2022-04-15 19:00:47,359:INFO:version 2.3.9
2022-04-15 19:00:47,359:INFO:Initializing setup()
2022-04-15 19:00:47,359:INFO:setup(target=count, ml_usecase=regression, available_plots={'parameter': 'Hyperparameters', 'residuals': 'Residuals', 'error': 'Prediction Error', 'cooks': 'Cooks Distance', 'rfe': 'Feature Selection', 'learning': 'Learning Curve', 'manifold': 'Manifold Learning', 'vc': 'Validation Curve', 'feature': 'Feature Importance', 'feature_all': 'Feature Importance (All)', 'tree': 'Decision Tree', 'residuals_interactive': 'Interactive Residuals'}, train_size=0.7, test_data=None, preprocess=True, imputation_type=simple, iterative_imputation_iters=5, categorical_features=None, categorical_imputation=constant, categorical_iterative_imputer=lightgbm, ordinal_features=None, high_cardinality_features=None, high_cardinality_method=frequency, numeric_features=None, numeric_imputation=mean, numeric_iterative_imputer=lightgbm, date_features=None, ignore_features=None, normalize=False, normalize_method=zscore, transformation=False, transformation_method=yeo-johnson, handle_unknown_categorical=True, unknown_categorical_method=least_frequent, pca=False, pca_method=linear, pca_components=None, ignore_low_variance=False, combine_rare_levels=False, rare_level_threshold=0.1, bin_numeric_features=None, remove_outliers=False, outliers_threshold=0.05, remove_multicollinearity=False, multicollinearity_threshold=0.9, remove_perfect_collinearity=True, create_clusters=False, cluster_iter=20, polynomial_features=False, polynomial_degree=2, trigonometry_features=False, polynomial_threshold=0.1, group_features=None, group_names=None, feature_selection=False, feature_selection_threshold=0.8, feature_selection_method=classic, feature_interaction=False, feature_ratio=False, interaction_threshold=0.01, fix_imbalance=False, fix_imbalance_method=None, transform_target=False, transform_target_method=box-cox, data_split_shuffle=True, data_split_stratify=False, fold_strategy=kfold, fold=10, fold_shuffle=False, fold_groups=None, n_jobs=-1, use_gpu=False, custom_pipeline=None, html=True, session_id=123, log_experiment=False, experiment_name=None, experiment_custom_tags=None, log_plots=False, log_profile=False, log_data=False, silent=False, verbose=True, profile=False, profile_kwargs=None, display=None)
2022-04-15 19:00:47,359:INFO:Checking environment
2022-04-15 19:00:47,359:INFO:python_version: 3.8.13
2022-04-15 19:00:47,359:INFO:python_build: ('default', 'Mar 28 2022 11:38:47')
2022-04-15 19:00:47,359:INFO:machine: x86_64
2022-04-15 19:00:47,359:INFO:platform: Linux-5.13.0-39-generic-x86_64-with-glibc2.17
2022-04-15 19:00:47,359:INFO:Memory: svmem(total=16653914112, available=2598899712, percent=84.4, used=13585592320, free=752304128, active=2051538944, inactive=13364371456, buffers=162627584, cached=2153390080, shared=609259520, slab=231239680)
2022-04-15 19:00:47,361:INFO:Physical Core: 4
2022-04-15 19:00:47,361:INFO:Logical Core: 8
2022-04-15 19:00:47,361:INFO:Checking libraries
2022-04-15 19:00:47,361:INFO:pd==1.4.2
2022-04-15 19:00:47,361:INFO:numpy==1.19.5
2022-04-15 19:00:47,361:INFO:sklearn==0.23.2
2022-04-15 19:00:47,361:INFO:lightgbm==3.3.2
2022-04-15 19:00:47,384:INFO:catboost==1.0.5
2022-04-15 19:00:47,384:WARNING:xgboost not found
2022-04-15 19:00:47,384:INFO:mlflow==1.24.0
2022-04-15 19:00:47,385:INFO:Checking Exceptions
2022-04-15 19:00:47,385:INFO:Declaring global variables
2022-04-15 19:00:47,385:INFO:USI: 3842
2022-04-15 19:00:47,385:INFO:pycaret_globals: {'gpu_param', 'prep_pipe', 'seed', 'imputation_classifier', 'fold_groups_param_full', '_gpu_n_jobs_param', 'X_train', 'experiment__', 'fold_generator', 'fold_param', 'fold_groups_param', 'dashboard_logger', '_ml_usecase', 'exp_name_log', 'n_jobs_param', 'logging_param', 'fix_imbalance_method_param', 'y_test', 'imputation_regressor', 'data_before_preprocess', 'fix_imbalance_param', 'target_param', 'transform_target_method_param', 'transform_target_param', 'display_container', 'fold_shuffle_param', 'iterative_imputation_iters_param', '_all_models_internal', 'html_param', 'log_plots_param', 'X_test', 'stratify_param', 'y_train', '_available_plots', 'y', '_all_models', '_all_metrics', 'master_model_container', 'X', 'USI', 'pycaret_globals', 'create_model_container', '_internal_pipeline'}
2022-04-15 19:00:47,385:INFO:Preparing display monitor
2022-04-15 19:00:47,385:INFO:Preparing display monitor
2022-04-15 19:00:47,406:INFO:Importing libraries
2022-04-15 19:00:47,407:INFO:Copying data for preprocessing
2022-04-15 19:00:47,426:INFO:Declaring preprocessing parameters
2022-04-15 19:00:47,429:INFO:Creating preprocessing pipeline
2022-04-15 19:00:47,456:INFO:Preprocessing pipeline created successfully
2022-04-15 19:00:47,457:ERROR:(Process Exit): setup has been interupted with user command 'quit'. setup must rerun.
2022-04-15 19:00:47,457:INFO:Creating global containers
2022-04-15 19:00:47,458:INFO:Internal pipeline: Pipeline(memory=None, steps=[('empty_step', 'passthrough')], verbose=False)
2022-04-15 19:00:49,333:WARNING:Couldn't import xgboost.XGBRegressor
2022-04-15 19:00:49,555:WARNING:Couldn't import xgboost.XGBRegressor
2022-04-15 19:00:49,558:INFO:Creating grid variables
2022-04-15 19:00:49,582:INFO:create_model_container: 0
2022-04-15 19:00:49,582:INFO:master_model_container: 0
2022-04-15 19:00:49,583:INFO:display_container: 1
2022-04-15 19:00:49,597:INFO:Pipeline(memory=None,
         steps=[('dtypes',
                 DataTypes_Auto_infer(categorical_features=[],
                                      display_types=True, features_todrop=[],
                                      id_columns=[], ml_usecase='regression',
                                      numerical_features=[], target='count',
                                      time_features=[])),
                ('imputer',
                 Simple_Imputer(categorical_strategy='not_available',
                                fill_value_categorical=None,
                                fill_value_numerical=None,
                                numeric_strategy='...
                ('scaling', 'passthrough'), ('P_transform', 'passthrough'),
                ('binn', 'passthrough'), ('rem_outliers', 'passthrough'),
                ('cluster_all', 'passthrough'),
                ('dummy', Dummify(target='count')),
                ('fix_perfect', Remove_100(target='count')),
                ('clean_names', Clean_Colum_Names()),
                ('feature_select', 'passthrough'), ('fix_multi', 'passthrough'),
                ('dfs', 'passthrough'), ('pca', 'passthrough')],
         verbose=False)
2022-04-15 19:00:49,597:INFO:setup() succesfully completed......................................
2022-04-15 19:00:58,302:INFO:PyCaret Supervised Module
2022-04-15 19:00:58,303:INFO:ML Usecase: regression
2022-04-15 19:00:58,303:INFO:version 2.3.9
2022-04-15 19:00:58,303:INFO:Initializing setup()
2022-04-15 19:00:58,303:INFO:setup(target=count, ml_usecase=regression, available_plots={'parameter': 'Hyperparameters', 'residuals': 'Residuals', 'error': 'Prediction Error', 'cooks': 'Cooks Distance', 'rfe': 'Feature Selection', 'learning': 'Learning Curve', 'manifold': 'Manifold Learning', 'vc': 'Validation Curve', 'feature': 'Feature Importance', 'feature_all': 'Feature Importance (All)', 'tree': 'Decision Tree', 'residuals_interactive': 'Interactive Residuals'}, train_size=0.7, test_data=None, preprocess=True, imputation_type=simple, iterative_imputation_iters=5, categorical_features=None, categorical_imputation=constant, categorical_iterative_imputer=lightgbm, ordinal_features=None, high_cardinality_features=None, high_cardinality_method=frequency, numeric_features=None, numeric_imputation=mean, numeric_iterative_imputer=lightgbm, date_features=None, ignore_features=None, normalize=False, normalize_method=zscore, transformation=False, transformation_method=yeo-johnson, handle_unknown_categorical=True, unknown_categorical_method=least_frequent, pca=False, pca_method=linear, pca_components=None, ignore_low_variance=False, combine_rare_levels=False, rare_level_threshold=0.1, bin_numeric_features=None, remove_outliers=False, outliers_threshold=0.05, remove_multicollinearity=False, multicollinearity_threshold=0.9, remove_perfect_collinearity=True, create_clusters=False, cluster_iter=20, polynomial_features=False, polynomial_degree=2, trigonometry_features=False, polynomial_threshold=0.1, group_features=None, group_names=None, feature_selection=False, feature_selection_threshold=0.8, feature_selection_method=classic, feature_interaction=False, feature_ratio=False, interaction_threshold=0.01, fix_imbalance=False, fix_imbalance_method=None, transform_target=False, transform_target_method=box-cox, data_split_shuffle=True, data_split_stratify=False, fold_strategy=kfold, fold=10, fold_shuffle=False, fold_groups=None, n_jobs=-1, use_gpu=False, custom_pipeline=None, html=True, session_id=123, log_experiment=False, experiment_name=None, experiment_custom_tags=None, log_plots=False, log_profile=False, log_data=False, silent=False, verbose=True, profile=False, profile_kwargs=None, display=None)
2022-04-15 19:00:58,303:INFO:Checking environment
2022-04-15 19:00:58,303:INFO:python_version: 3.8.13
2022-04-15 19:00:58,304:INFO:python_build: ('default', 'Mar 28 2022 11:38:47')
2022-04-15 19:00:58,304:INFO:machine: x86_64
2022-04-15 19:00:58,304:INFO:platform: Linux-5.13.0-39-generic-x86_64-with-glibc2.17
2022-04-15 19:00:58,304:INFO:Memory: svmem(total=16653914112, available=2581430272, percent=84.5, used=13623894016, free=716992512, active=2053599232, inactive=13397819392, buffers=162816000, cached=2150211584, shared=605143040, slab=231329792)
2022-04-15 19:00:58,305:INFO:Physical Core: 4
2022-04-15 19:00:58,305:INFO:Logical Core: 8
2022-04-15 19:00:58,305:INFO:Checking libraries
2022-04-15 19:00:58,305:INFO:pd==1.4.2
2022-04-15 19:00:58,305:INFO:numpy==1.19.5
2022-04-15 19:00:58,305:INFO:sklearn==0.23.2
2022-04-15 19:00:58,305:INFO:lightgbm==3.3.2
2022-04-15 19:00:58,305:INFO:catboost==1.0.5
2022-04-15 19:00:58,306:WARNING:xgboost not found
2022-04-15 19:00:58,306:INFO:mlflow==1.24.0
2022-04-15 19:00:58,306:INFO:Checking Exceptions
2022-04-15 19:00:58,306:INFO:Declaring global variables
2022-04-15 19:00:58,306:INFO:USI: 5fe0
2022-04-15 19:00:58,307:INFO:pycaret_globals: {'gpu_param', 'prep_pipe', 'seed', 'imputation_classifier', 'fold_groups_param_full', '_gpu_n_jobs_param', 'X_train', 'experiment__', 'fold_generator', 'fold_param', 'fold_groups_param', 'dashboard_logger', '_ml_usecase', 'exp_name_log', 'n_jobs_param', 'logging_param', 'fix_imbalance_method_param', 'y_test', 'imputation_regressor', 'data_before_preprocess', 'fix_imbalance_param', 'target_param', 'transform_target_method_param', 'transform_target_param', 'display_container', 'fold_shuffle_param', 'iterative_imputation_iters_param', '_all_models_internal', 'html_param', 'log_plots_param', 'X_test', 'stratify_param', 'y_train', '_available_plots', 'y', '_all_models', '_all_metrics', 'master_model_container', 'X', 'USI', 'pycaret_globals', 'create_model_container', '_internal_pipeline'}
2022-04-15 19:00:58,307:INFO:Preparing display monitor
2022-04-15 19:00:58,307:INFO:Preparing display monitor
2022-04-15 19:00:58,332:INFO:Importing libraries
2022-04-15 19:00:58,333:INFO:Copying data for preprocessing
2022-04-15 19:00:58,349:INFO:Declaring preprocessing parameters
2022-04-15 19:00:58,351:INFO:Creating preprocessing pipeline
2022-04-15 19:00:58,379:INFO:Preprocessing pipeline created successfully
2022-04-15 19:00:58,386:ERROR:(Process Exit): setup has been interupted with user command 'quit'. setup must rerun.
2022-04-15 19:00:58,386:INFO:Creating global containers
2022-04-15 19:00:58,387:INFO:Internal pipeline: Pipeline(memory=None, steps=[('empty_step', 'passthrough')], verbose=False)
2022-04-15 19:01:00,214:WARNING:Couldn't import xgboost.XGBRegressor
2022-04-15 19:01:00,435:WARNING:Couldn't import xgboost.XGBRegressor
2022-04-15 19:01:00,437:INFO:Creating grid variables
2022-04-15 19:01:00,449:INFO:create_model_container: 0
2022-04-15 19:01:00,449:INFO:master_model_container: 0
2022-04-15 19:01:00,450:INFO:display_container: 1
2022-04-15 19:01:00,456:INFO:Pipeline(memory=None,
         steps=[('dtypes',
                 DataTypes_Auto_infer(categorical_features=[],
                                      display_types=True, features_todrop=[],
                                      id_columns=[], ml_usecase='regression',
                                      numerical_features=[], target='count',
                                      time_features=[])),
                ('imputer',
                 Simple_Imputer(categorical_strategy='not_available',
                                fill_value_categorical=None,
                                fill_value_numerical=None,
                                numeric_strategy='...
                ('scaling', 'passthrough'), ('P_transform', 'passthrough'),
                ('binn', 'passthrough'), ('rem_outliers', 'passthrough'),
                ('cluster_all', 'passthrough'),
                ('dummy', Dummify(target='count')),
                ('fix_perfect', Remove_100(target='count')),
                ('clean_names', Clean_Colum_Names()),
                ('feature_select', 'passthrough'), ('fix_multi', 'passthrough'),
                ('dfs', 'passthrough'), ('pca', 'passthrough')],
         verbose=False)
2022-04-15 19:01:00,456:INFO:setup() succesfully completed......................................
